<?xml version="1.0" encoding="UTF-8"?>
<!-- Generated by org.testng.reporters.JUnitReportReporter -->
<testsuite hostname="SammyJ-Lptp" failures="0" tests="3" name="dataDriven.ExcelDataProvider" time="0.022" errors="0" timestamp="2020-11-27T02:29:56 EST" skipped="0">
  <testcase classname="dataDriven.ExcelDataProvider" name="setData" time="0.002"/>
  <testcase classname="dataDriven.ExcelDataProvider" name="setData" time="0.014"/>
  <testcase classname="dataDriven.ExcelDataProvider" name="setData" time="0.006"/>
</testsuite> <!-- dataDriven.ExcelDataProvider -->
